<?xml version="1.0" encoding="UTF-8"?>
<testng-results ignored="0" total="5" passed="5" failed="0" skipped="0">
  <reporter-output>
  </reporter-output>
  <suite started-at="2024-07-06T16:48:55 BDT" name="Default suite" finished-at="2024-07-06T16:51:56 BDT" duration-ms="180888">
    <groups>
    </groups>
    <test started-at="2024-07-06T16:48:55 BDT" name="Default test" finished-at="2024-07-06T16:51:56 BDT" duration-ms="180888">
      <class name="test.com.Two_FA_and_security_method">
        <test-method is-config="true" signature="setDriver()[pri:0, instance:test.com.Two_FA_and_security_method@441772e]" started-at="2024-07-06T16:48:54 BDT" name="setDriver" finished-at="2024-07-06T16:48:55 BDT" duration-ms="1539" status="PASS">
          <reporter-output>
          </reporter-output>
        </test-method> <!-- setDriver -->
        <test-method signature="yopmail()[pri:1, instance:test.com.Two_FA_and_security_method@441772e]" started-at="2024-07-06T16:48:55 BDT" name="yopmail" finished-at="2024-07-06T16:49:08 BDT" duration-ms="12915" status="PASS">
          <reporter-output>
          </reporter-output>
        </test-method> <!-- yopmail -->
        <test-method signature="login()[pri:2, instance:test.com.Two_FA_and_security_method@441772e]" started-at="2024-07-06T16:49:08 BDT" name="login" finished-at="2024-07-06T16:49:52 BDT" duration-ms="43480" status="PASS">
          <reporter-output>
          </reporter-output>
        </test-method> <!-- login -->
        <test-method signature="security_question()[pri:3, instance:test.com.Two_FA_and_security_method@441772e]" started-at="2024-07-06T16:49:52 BDT" name="security_question" finished-at="2024-07-06T16:50:44 BDT" duration-ms="51847" status="PASS">
          <reporter-output>
          </reporter-output>
        </test-method> <!-- security_question -->
        <test-method signature="security_method()[pri:4, instance:test.com.Two_FA_and_security_method@441772e]" started-at="2024-07-06T16:50:44 BDT" name="security_method" finished-at="2024-07-06T16:51:02 BDT" duration-ms="18739" status="PASS">
          <reporter-output>
          </reporter-output>
        </test-method> <!-- security_method -->
        <test-method signature="new_yopmail()[pri:5, instance:test.com.Two_FA_and_security_method@441772e]" started-at="2024-07-06T16:51:02 BDT" name="new_yopmail" finished-at="2024-07-06T16:51:56 BDT" duration-ms="53858" status="PASS">
          <reporter-output>
          </reporter-output>
        </test-method> <!-- new_yopmail -->
      </class> <!-- test.com.Two_FA_and_security_method -->
    </test> <!-- Default test -->
  </suite> <!-- Default suite -->
</testng-results>
