<?xml version="1.0" encoding="UTF-8"?>
<!-- Generated by org.testng.reporters.JUnitXMLReporter -->
<testsuite ignored="0" hostname="DESKTOP-HJ8UUA1" failures="0" tests="5" name="Default test" time="180.888" errors="0" timestamp="2024-07-06T16:51:56 BDT">
  <testcase classname="test.com.Two_FA_and_security_method" name="yopmail" time="12.915"/>
  <testcase classname="test.com.Two_FA_and_security_method" name="login" time="43.48"/>
  <testcase classname="test.com.Two_FA_and_security_method" name="security_question" time="51.847"/>
  <testcase classname="test.com.Two_FA_and_security_method" name="security_method" time="18.739"/>
  <testcase classname="test.com.Two_FA_and_security_method" name="new_yopmail" time="53.858"/>
</testsuite> <!-- Default test -->
